<?xml version="1.0" encoding="UTF-8"?>
<testsuite xmlns:xsi="http://www.w3.org/2001/XMLSchema-instance" xsi:noNamespaceSchemaLocation="https://maven.apache.org/surefire/maven-surefire-plugin/xsd/surefire-test-report.xsd" name="com.njupt.hpc.edu.project.service.impl.PmsDataServiceImplTest" time="0.121" tests="1" errors="0" skipped="0" failures="0">
  <properties>
[...]
</properties>
  <testcase name="create" classname="com.njupt.hpc.edu.project.service.impl.PmsDataServiceImplTest" time="0.003"/>
</testsuite>